Flutter crash report.
Please report a bug at https://github.com/flutter/flutter/issues.

## command

flutter run -d all

## exception

_Exception: Exception: Unsupported platform name "multiple"

```
#0      getTargetPlatformForName (package:flutter_tools/src/build_info.dart:818:10)
#1      HotRunner._targetPlatform (package:flutter_tools/src/run_hot.dart:133:9)
#2      HotRunner._attach (package:flutter_tools/src/run_hot.dart:312:23)
<asynchronous suspension>
#3      RunCommand.runCommand (package:flutter_tools/src/commands/run.dart:891:27)
<asynchronous suspension>
#4      FlutterCommand.run.<anonymous closure> (package:flutter_tools/src/runner/flutter_command.dart:1559:27)
<asynchronous suspension>
#5      AppContext.run.<anonymous closure> (package:flutter_tools/src/base/context.dart:154:19)
<asynchronous suspension>
#6      CommandRunner.runCommand (package:args/command_runner.dart:212:13)
<asynchronous suspension>
#7      FlutterCommandRunner.runCommand.<anonymous closure> (package:flutter_tools/src/runner/flutter_command_runner.dart:487:9)
<asynchronous suspension>
#8      AppContext.run.<anonymous closure> (package:flutter_tools/src/base/context.dart:154:19)
<asynchronous suspension>
#9      FlutterCommandRunner.runCommand (package:flutter_tools/src/runner/flutter_command_runner.dart:422:5)
<asynchronous suspension>
#10     run.<anonymous closure>.<anonymous closure> (package:flutter_tools/runner.dart:101:11)
<asynchronous suspension>
#11     AppContext.run.<anonymous closure> (package:flutter_tools/src/base/context.dart:154:19)
<asynchronous suspension>
#12     main (package:flutter_tools/executable.dart:102:3)
<asynchronous suspension>
```

## flutter doctor

```
[32m[✓][39m Flutter (Channel master, 3.36.0-1.0.pre-424, on macOS 15.6.1 24G90 darwin-arm64, locale en-US) [2.6s]
    [32m•[39m Flutter version 3.36.0-1.0.pre-424 on channel master at /Users/vivitt/Desktop/Flutter/flutter
    [32m•[39m Upstream repository https://github.com/flutter/flutter.git
    [32m•[39m Framework revision 8a5c6df06f (87 minutes ago), 2025-09-04 15:26:29 -0500
    [32m•[39m Engine revision ad41861345
    [32m•[39m Dart version 3.10.0 (build 3.10.0-162.1.beta)
    [32m•[39m DevTools version 2.50.0
    [32m•[39m Feature flags: enable-web, enable-linux-desktop, enable-macos-desktop, enable-windows-desktop,
      enable-android, enable-ios, cli-animations, enable-native-assets, omit-legacy-version-file,
      enable-lldb-debugging

[33m[!][39m Android toolchain - develop for Android devices (Android SDK version 35.0.1) [2.1s]
    [32m•[39m Android SDK at /Users/vivitt/Library/Android/sdk
    [32m•[39m Emulator version 35.3.11.0 (build_id 12836668) (CL:N/A)
    [32m•[39m Platform android-36, build-tools 35.0.1
    [32m•[39m Java binary at: /Applications/Android Studio.app/Contents/jbr/Contents/Home/bin/java
      This is the JDK bundled with the latest Android Studio installation on this machine.
      To manually set the JDK path, use: `flutter config --jdk-dir="path/to/jdk"`.
    [32m•[39m Java version OpenJDK Runtime Environment (build 21.0.3+-79915917-b509.11)
    [33m![39m Some Android licenses not accepted. To resolve this, run: flutter doctor --android-licenses

[32m[✓][39m Xcode - develop for iOS and macOS (Xcode 16.4) [719ms]
    [32m•[39m Xcode at /Applications/Xcode.app/Contents/Developer
    [32m•[39m Build 16F6
    [32m•[39m CocoaPods version 1.16.2

[32m[✓][39m Chrome - develop for the web [2ms]
    [32m•[39m Chrome at /Applications/Google Chrome.app/Contents/MacOS/Google Chrome

[32m[✓][39m Connected device (4 available) [5.8s]
    [32m•[39m sdk gphone64 arm64 (mobile) • emulator-5554             • android-arm64  • Android 13 (API 33) (emulator)
    [32m•[39m iPhone (wireless) (mobile)  • 00008110-001245680AD9801E • ios            • iOS 18.6.2 22G100
    [32m•[39m macOS (desktop)             • macos                     • darwin-arm64   • macOS 15.6.1 24G90 darwin-arm64
    [32m•[39m Chrome (web)                • chrome                    • web-javascript • Google Chrome 139.0.7258.155

[32m[✓][39m Network resources [1,361ms]
    [32m•[39m All expected network resources are available.

[33m![39m Doctor found issues in 1 category.
```
